# JRE version: OpenJDK Runtime Environment Temurin-21.0.5+11 (21.0.5+11) (build 21.0.5+11-LTS)
# Java VM: OpenJDK 64-Bit Server VM Temurin-21.0.5+11 (21.0.5+11-LTS, mixed mode, sharing, tiered, compressed oops, compressed class ptrs, parallel gc, windows-amd64)
GC Precious Log:
 CardTable entry size: 512
 CPUs: 12 total, 12 available
 Memory: 24279M
 Large Page Support: Disabled
 NUMA Support: Disabled
 Compressed Oops: Enabled (32-bit)
 Alignments: Space 512K, Generation 512K, Heap 2M
 Heap Min Capacity: 100M
 Heap Initial Capacity: 100M
 Heap Max Capacity: 1G
 Pre-touch: Disabled
 Parallel Workers: 10
Heap:
 PSYoungGen      total 25088K, used 24682K [0x00000000eab00000, 0x00000000ec700000, 0x0000000100000000)
  eden space 22528K, 100% used [0x00000000eab00000,0x00000000ec100000,0x00000000ec100000)
  from space 2560K, 84% used [0x00000000ec280000,0x00000000ec49a900,0x00000000ec500000)
  to   space 2048K, 69% used [0x00000000ec500000,0x00000000ec664800,0x00000000ec700000)
 ParOldGen       total 406528K, used 406039K [0x00000000c0000000, 0x00000000d8d00000, 0x00000000eab00000)
  object space 406528K, 99% used [0x00000000c0000000,0x00000000d8c85cc0,0x00000000d8d00000)
 Metaspace       used 71652K, committed 73024K, reserved 1179648K
  class space    used 7192K, committed 7744K, reserved 1048576K
GC Heap History (20 events):
Event: 51.189 GC heap before
{Heap before GC invocations=336 (full 4):
 PSYoungGen      total 28160K, used 28146K [0x00000000eab00000, 0x00000000ed280000, 0x0000000100000000)
  eden space 24064K, 100% used [0x00000000eab00000,0x00000000ec280000,0x00000000ec280000)
  from space 4096K, 99% used [0x00000000ec480000,0x00000000ec87ca60,0x00000000ec880000)
  to   space 8192K, 0% used [0x00000000eca80000,0x00000000eca80000,0x00000000ed280000)
 ParOldGen       total 392704K, used 392255K [0x00000000c0000000, 0x00000000d7f80000, 0x00000000eab00000)
  object space 392704K, 99% used [0x00000000c0000000,0x00000000d7f0ff18,0x00000000d7f80000)
 Metaspace       used 71588K, committed 73024K, reserved 1179648K
  class space    used 7189K, committed 7744K, reserved 1048576K
}
Event: 51.191 GC heap after
{Heap after GC invocations=336 (full 4):
 PSYoungGen      total 27136K, used 3357K [0x00000000eab00000, 0x00000000ece00000, 0x0000000100000000)
  eden space 23552K, 0% used [0x00000000eab00000,0x00000000eab00000,0x00000000ec200000)
  from space 3584K, 93% used [0x00000000eca80000,0x00000000ecdc7508,0x00000000ece00000)
  to   space 5120K, 0% used [0x00000000ec400000,0x00000000ec400000,0x00000000ec900000)
 ParOldGen       total 396288K, used 396053K [0x00000000c0000000, 0x00000000d8300000, 0x00000000eab00000)
  object space 396288K, 99% used [0x00000000c0000000,0x00000000d82c5598,0x00000000d8300000)
 Metaspace       used 71588K, committed 73024K, reserved 1179648K
  class space    used 7189K, committed 7744K, reserved 1048576K
}
Event: 51.200 GC heap before
{Heap before GC invocations=337 (full 4):
 PSYoungGen      total 27136K, used 26909K [0x00000000eab00000, 0x00000000ece00000, 0x0000000100000000)
  eden space 23552K, 100% used [0x00000000eab00000,0x00000000ec200000,0x00000000ec200000)
  from space 3584K, 93% used [0x00000000eca80000,0x00000000ecdc7508,0x00000000ece00000)
  to   space 5120K, 0% used [0x00000000ec400000,0x00000000ec400000,0x00000000ec900000)
 ParOldGen       total 396288K, used 396053K [0x00000000c0000000, 0x00000000d8300000, 0x00000000eab00000)
  object space 396288K, 99% used [0x00000000c0000000,0x00000000d82c5598,0x00000000d8300000)
 Metaspace       used 71588K, committed 73024K, reserved 1179648K
  class space    used 7189K, committed 7744K, reserved 1048576K
}
Event: 51.202 GC heap after
{Heap after GC invocations=337 (full 4):
 PSYoungGen      total 25088K, used 2010K [0x00000000eab00000, 0x00000000ecb00000, 0x0000000100000000)
  eden space 23040K, 0% used [0x00000000eab00000,0x00000000eab00000,0x00000000ec180000)
  from space 2048K, 98% used [0x00000000ec400000,0x00000000ec5f68f8,0x00000000ec600000)
  to   space 3072K, 0% used [0x00000000ec800000,0x00000000ec800000,0x00000000ecb00000)
 ParOldGen       total 399360K, used 399037K [0x00000000c0000000, 0x00000000d8600000, 0x00000000eab00000)
  object space 399360K, 99% used [0x00000000c0000000,0x00000000d85af738,0x00000000d8600000)
 Metaspace       used 71588K, committed 73024K, reserved 1179648K
  class space    used 7189K, committed 7744K, reserved 1048576K
}
Event: 51.209 GC heap before
{Heap before GC invocations=338 (full 4):
 PSYoungGen      total 25088K, used 25050K [0x00000000eab00000, 0x00000000ecb00000, 0x0000000100000000)
  eden space 23040K, 100% used [0x00000000eab00000,0x00000000ec180000,0x00000000ec180000)
  from space 2048K, 98% used [0x00000000ec400000,0x00000000ec5f68f8,0x00000000ec600000)
  to   space 3072K, 0% used [0x00000000ec800000,0x00000000ec800000,0x00000000ecb00000)
 ParOldGen       total 399360K, used 399037K [0x00000000c0000000, 0x00000000d8600000, 0x00000000eab00000)
  object space 399360K, 99% used [0x00000000c0000000,0x00000000d85af738,0x00000000d8600000)
 Metaspace       used 71592K, committed 73024K, reserved 1179648K
  class space    used 7189K, committed 7744K, reserved 1048576K
}
Event: 51.211 GC heap after
{Heap after GC invocations=338 (full 4):
 PSYoungGen      total 23552K, used 836K [0x00000000eab00000, 0x00000000ec900000, 0x0000000100000000)
  eden space 22528K, 0% used [0x00000000eab00000,0x00000000eab00000,0x00000000ec100000)
  from space 1024K, 81% used [0x00000000ec800000,0x00000000ec8d11e0,0x00000000ec900000)
  to   space 1536K, 0% used [0x00000000ec600000,0x00000000ec600000,0x00000000ec780000)
 ParOldGen       total 400896K, used 400855K [0x00000000c0000000, 0x00000000d8780000, 0x00000000eab00000)
  object space 400896K, 99% used [0x00000000c0000000,0x00000000d8775cf8,0x00000000d8780000)
 Metaspace       used 71592K, committed 73024K, reserved 1179648K
  class space    used 7189K, committed 7744K, reserved 1048576K
}
Event: 51.217 GC heap before
{Heap before GC invocations=339 (full 4):
 PSYoungGen      total 23552K, used 23364K [0x00000000eab00000, 0x00000000ec900000, 0x0000000100000000)
  eden space 22528K, 100% used [0x00000000eab00000,0x00000000ec100000,0x00000000ec100000)
  from space 1024K, 81% used [0x00000000ec800000,0x00000000ec8d11e0,0x00000000ec900000)
  to   space 1536K, 0% used [0x00000000ec600000,0x00000000ec600000,0x00000000ec780000)
 ParOldGen       total 400896K, used 400855K [0x00000000c0000000, 0x00000000d8780000, 0x00000000eab00000)
  object space 400896K, 99% used [0x00000000c0000000,0x00000000d8775cf8,0x00000000d8780000)
 Metaspace       used 71592K, committed 73024K, reserved 1179648K
  class space    used 7189K, committed 7744K, reserved 1048576K
}
Event: 51.218 GC heap after
{Heap after GC invocations=339 (full 4):
 PSYoungGen      total 24064K, used 512K [0x00000000eab00000, 0x00000000ec880000, 0x0000000100000000)
  eden space 22528K, 0% used [0x00000000eab00000,0x00000000eab00000,0x00000000ec100000)
  from space 1536K, 33% used [0x00000000ec600000,0x00000000ec680000,0x00000000ec780000)
  to   space 1024K, 0% used [0x00000000ec780000,0x00000000ec780000,0x00000000ec880000)
 ParOldGen       total 401920K, used 401458K [0x00000000c0000000, 0x00000000d8880000, 0x00000000eab00000)
  object space 401920K, 99% used [0x00000000c0000000,0x00000000d880cae8,0x00000000d8880000)
 Metaspace       used 71592K, committed 73024K, reserved 1179648K
  class space    used 7189K, committed 7744K, reserved 1048576K
}
Event: 51.225 GC heap before
{Heap before GC invocations=340 (full 4):
 PSYoungGen      total 24064K, used 23040K [0x00000000eab00000, 0x00000000ec880000, 0x0000000100000000)
  eden space 22528K, 100% used [0x00000000eab00000,0x00000000ec100000,0x00000000ec100000)
  from space 1536K, 33% used [0x00000000ec600000,0x00000000ec680000,0x00000000ec780000)
  to   space 1024K, 0% used [0x00000000ec780000,0x00000000ec780000,0x00000000ec880000)
 ParOldGen       total 401920K, used 401458K [0x00000000c0000000, 0x00000000d8880000, 0x00000000eab00000)
  object space 401920K, 99% used [0x00000000c0000000,0x00000000d880cae8,0x00000000d8880000)
 Metaspace       used 71592K, committed 73024K, reserved 1179648K
  class space    used 7189K, committed 7744K, reserved 1048576K
}
Event: 51.226 GC heap after
{Heap after GC invocations=340 (full 4):
 PSYoungGen      total 23552K, used 997K [0x00000000eab00000, 0x00000000ec880000, 0x0000000100000000)
  eden space 22528K, 0% used [0x00000000eab00000,0x00000000eab00000,0x00000000ec100000)
  from space 1024K, 97% used [0x00000000ec780000,0x00000000ec879510,0x00000000ec880000)
  to   space 1536K, 0% used [0x00000000ec580000,0x00000000ec580000,0x00000000ec700000)
 ParOldGen       total 401920K, used 401734K [0x00000000c0000000, 0x00000000d8880000, 0x00000000eab00000)
  object space 401920K, 99% used [0x00000000c0000000,0x00000000d8851a78,0x00000000d8880000)
 Metaspace       used 71592K, committed 73024K, reserved 1179648K
  class space    used 7189K, committed 7744K, reserved 1048576K
}
Event: 51.239 GC heap before
{Heap before GC invocations=341 (full 4):
 PSYoungGen      total 23552K, used 23319K [0x00000000eab00000, 0x00000000ec880000, 0x0000000100000000)
  eden space 22528K, 99% used [0x00000000eab00000,0x00000000ec0cc778,0x00000000ec100000)
  from space 1024K, 97% used [0x00000000ec780000,0x00000000ec879510,0x00000000ec880000)
  to   space 1536K, 0% used [0x00000000ec580000,0x00000000ec580000,0x00000000ec700000)
 ParOldGen       total 401920K, used 401734K [0x00000000c0000000, 0x00000000d8880000, 0x00000000eab00000)
  object space 401920K, 99% used [0x00000000c0000000,0x00000000d8851a78,0x00000000d8880000)
 Metaspace       used 71597K, committed 73024K, reserved 1179648K
  class space    used 7189K, committed 7744K, reserved 1048576K
}
Event: 51.241 GC heap after
{Heap after GC invocations=341 (full 4):
 PSYoungGen      total 24064K, used 600K [0x00000000eab00000, 0x00000000ec800000, 0x0000000100000000)
  eden space 22528K, 0% used [0x00000000eab00000,0x00000000eab00000,0x00000000ec100000)
  from space 1536K, 39% used [0x00000000ec580000,0x00000000ec6162d0,0x00000000ec700000)
  to   space 1024K, 0% used [0x00000000ec700000,0x00000000ec700000,0x00000000ec800000)
 ParOldGen       total 402944K, used 402554K [0x00000000c0000000, 0x00000000d8980000, 0x00000000eab00000)
  object space 402944K, 99% used [0x00000000c0000000,0x00000000d891e858,0x00000000d8980000)
 Metaspace       used 71597K, committed 73024K, reserved 1179648K
  class space    used 7189K, committed 7744K, reserved 1048576K
}
Event: 51.250 GC heap before
{Heap before GC invocations=342 (full 4):
 PSYoungGen      total 24064K, used 23128K [0x00000000eab00000, 0x00000000ec800000, 0x0000000100000000)
  eden space 22528K, 100% used [0x00000000eab00000,0x00000000ec100000,0x00000000ec100000)
  from space 1536K, 39% used [0x00000000ec580000,0x00000000ec6162d0,0x00000000ec700000)
  to   space 1024K, 0% used [0x00000000ec700000,0x00000000ec700000,0x00000000ec800000)
 ParOldGen       total 402944K, used 402554K [0x00000000c0000000, 0x00000000d8980000, 0x00000000eab00000)
  object space 402944K, 99% used [0x00000000c0000000,0x00000000d891e858,0x00000000d8980000)
 Metaspace       used 71599K, committed 73024K, reserved 1179648K
  class space    used 7189K, committed 7744K, reserved 1048576K
}
Event: 51.251 GC heap after
{Heap after GC invocations=342 (full 4):
 PSYoungGen      total 23552K, used 985K [0x00000000eab00000, 0x00000000ec800000, 0x0000000100000000)
  eden space 22528K, 0% used [0x00000000eab00000,0x00000000eab00000,0x00000000ec100000)
  from space 1024K, 96% used [0x00000000ec700000,0x00000000ec7f6500,0x00000000ec800000)
  to   space 1536K, 0% used [0x00000000ec500000,0x00000000ec500000,0x00000000ec680000)
 ParOldGen       total 403456K, used 402962K [0x00000000c0000000, 0x00000000d8a00000, 0x00000000eab00000)
  object space 403456K, 99% used [0x00000000c0000000,0x00000000d8984920,0x00000000d8a00000)
 Metaspace       used 71599K, committed 73024K, reserved 1179648K
  class space    used 7189K, committed 7744K, reserved 1048576K
}
Event: 51.259 GC heap before
{Heap before GC invocations=343 (full 4):
 PSYoungGen      total 23552K, used 23513K [0x00000000eab00000, 0x00000000ec800000, 0x0000000100000000)
  eden space 22528K, 100% used [0x00000000eab00000,0x00000000ec100000,0x00000000ec100000)
  from space 1024K, 96% used [0x00000000ec700000,0x00000000ec7f6500,0x00000000ec800000)
  to   space 1536K, 0% used [0x00000000ec500000,0x00000000ec500000,0x00000000ec680000)
 ParOldGen       total 403456K, used 402962K [0x00000000c0000000, 0x00000000d8a00000, 0x00000000eab00000)
  object space 403456K, 99% used [0x00000000c0000000,0x00000000d8984920,0x00000000d8a00000)
 Metaspace       used 71608K, committed 73024K, reserved 1179648K
  class space    used 7189K, committed 7744K, reserved 1048576K
}
Event: 51.260 GC heap after
{Heap after GC invocations=343 (full 4):
 PSYoungGen      total 24064K, used 681K [0x00000000eab00000, 0x00000000ec780000, 0x0000000100000000)
  eden space 22528K, 0% used [0x00000000eab00000,0x00000000eab00000,0x00000000ec100000)
  from space 1536K, 44% used [0x00000000ec500000,0x00000000ec5aa7e0,0x00000000ec680000)
  to   space 1024K, 0% used [0x00000000ec680000,0x00000000ec680000,0x00000000ec780000)
 ParOldGen       total 403456K, used 403356K [0x00000000c0000000, 0x00000000d8a00000, 0x00000000eab00000)
  object space 403456K, 99% used [0x00000000c0000000,0x00000000d89e7270,0x00000000d8a00000)
 Metaspace       used 71608K, committed 73024K, reserved 1179648K
  class space    used 7189K, committed 7744K, reserved 1048576K
}
Event: 51.272 GC heap before
{Heap before GC invocations=344 (full 4):
 PSYoungGen      total 24064K, used 23209K [0x00000000eab00000, 0x00000000ec780000, 0x0000000100000000)
  eden space 22528K, 100% used [0x00000000eab00000,0x00000000ec100000,0x00000000ec100000)
  from space 1536K, 44% used [0x00000000ec500000,0x00000000ec5aa7e0,0x00000000ec680000)
  to   space 1024K, 0% used [0x00000000ec680000,0x00000000ec680000,0x00000000ec780000)
 ParOldGen       total 403456K, used 403356K [0x00000000c0000000, 0x00000000d8a00000, 0x00000000eab00000)
  object space 403456K, 99% used [0x00000000c0000000,0x00000000d89e7270,0x00000000d8a00000)
 Metaspace       used 71612K, committed 73024K, reserved 1179648K
  class space    used 7189K, committed 7744K, reserved 1048576K
}
Event: 51.273 GC heap after
{Heap after GC invocations=344 (full 4):
 PSYoungGen      total 23552K, used 1012K [0x00000000eab00000, 0x00000000ec780000, 0x0000000100000000)
  eden space 22528K, 0% used [0x00000000eab00000,0x00000000eab00000,0x00000000ec100000)
  from space 1024K, 98% used [0x00000000ec680000,0x00000000ec77d2d8,0x00000000ec780000)
  to   space 2560K, 0% used [0x00000000ec280000,0x00000000ec280000,0x00000000ec500000)
 ParOldGen       total 404480K, used 404245K [0x00000000c0000000, 0x00000000d8b00000, 0x00000000eab00000)
  object space 404480K, 99% used [0x00000000c0000000,0x00000000d8ac5570,0x00000000d8b00000)
 Metaspace       used 71612K, committed 73024K, reserved 1179648K
  class space    used 7189K, committed 7744K, reserved 1048576K
}
Event: 51.287 GC heap before
{Heap before GC invocations=345 (full 4):
 PSYoungGen      total 23552K, used 23540K [0x00000000eab00000, 0x00000000ec780000, 0x0000000100000000)
  eden space 22528K, 100% used [0x00000000eab00000,0x00000000ec100000,0x00000000ec100000)
  from space 1024K, 98% used [0x00000000ec680000,0x00000000ec77d2d8,0x00000000ec780000)
  to   space 2560K, 0% used [0x00000000ec280000,0x00000000ec280000,0x00000000ec500000)
 ParOldGen       total 404480K, used 404245K [0x00000000c0000000, 0x00000000d8b00000, 0x00000000eab00000)
  object space 404480K, 99% used [0x00000000c0000000,0x00000000d8ac5570,0x00000000d8b00000)
 Metaspace       used 71646K, committed 73024K, reserved 1179648K
  class space    used 7192K, committed 7744K, reserved 1048576K
}
Event: 51.288 GC heap after
{Heap after GC invocations=345 (full 4):
 PSYoungGen      total 25088K, used 2154K [0x00000000eab00000, 0x00000000ec700000, 0x0000000100000000)
  eden space 22528K, 0% used [0x00000000eab00000,0x00000000eab00000,0x00000000ec100000)
  from space 2560K, 84% used [0x00000000ec280000,0x00000000ec49a900,0x00000000ec500000)
  to   space 2048K, 0% used [0x00000000ec500000,0x00000000ec500000,0x00000000ec700000)
 ParOldGen       total 404992K, used 404856K [0x00000000c0000000, 0x00000000d8b80000, 0x00000000eab00000)
  object space 404992K, 99% used [0x00000000c0000000,0x00000000d8b5e248,0x00000000d8b80000)
 Metaspace       used 71646K, committed 73024K, reserved 1179648K
  class space    used 7192K, committed 7744K, reserved 1048576K
}

