# JRE version: Java(TM) SE Runtime Environment (21.0.4+8) (build 21.0.4+8-LTS-274)
# Java VM: Java HotSpot(TM) 64-Bit Server VM (21.0.4+8-LTS-274, mixed mode, sharing, tiered, compressed oops, compressed class ptrs, g1 gc, windows-amd64)
GC Precious Log:
 CardTable entry size: 512
 Card Set container configuration: InlinePtr #cards 4 size 8 Array Of Cards #cards 32 size 80 Howl #buckets 8 coarsen threshold 7372 Howl Bitmap #cards 1024 size 144 coarsen threshold 921 Card regions per heap region 1 cards per card region 8192
 CPUs: 12 total, 12 available
 Memory: 24279M
 Large Page Support: Disabled
 NUMA Support: Disabled
 Compressed Oops: Enabled (Zero based)
 Heap Region Size: 4M
 Heap Min Capacity: 8M
 Heap Initial Capacity: 380M
 Heap Max Capacity: 6072M
 Pre-touch: Disabled
 Parallel Workers: 10
 Concurrent Workers: 3
 Concurrent Refinement Workers: 10
 Periodic GC: Disabled
Heap:
 garbage-first heap   total 81920K, used 32377K [0x0000000684800000, 0x0000000800000000)
  region size 4096K, 3 young (12288K), 2 survivors (8192K)
 Metaspace       used 63978K, committed 64640K, reserved 1114112K
  class space    used 8414K, committed 8704K, reserved 1048576K
GC Heap History (20 events):
Event: 0.348 GC heap before
{Heap before GC invocations=0 (full 0):
 garbage-first heap   total 389120K, used 20480K [0x0000000684800000, 0x0000000800000000)
  region size 4096K, 5 young (20480K), 0 survivors (0K)
 Metaspace       used 4219K, committed 4416K, reserved 1114112K
  class space    used 465K, committed 576K, reserved 1048576K
}
Event: 0.352 GC heap after
{Heap after GC invocations=1 (full 0):
 garbage-first heap   total 389120K, used 7812K [0x0000000684800000, 0x0000000800000000)
  region size 4096K, 1 young (4096K), 1 survivors (4096K)
 Metaspace       used 4219K, committed 4416K, reserved 1114112K
  class space    used 465K, committed 576K, reserved 1048576K
}
Event: 0.537 GC heap before
{Heap before GC invocations=1 (full 0):
 garbage-first heap   total 389120K, used 20100K [0x0000000684800000, 0x0000000800000000)
  region size 4096K, 4 young (16384K), 1 survivors (4096K)
 Metaspace       used 7437K, committed 7744K, reserved 1114112K
  class space    used 879K, committed 1024K, reserved 1048576K
}
Event: 0.539 GC heap after
{Heap after GC invocations=2 (full 0):
 garbage-first heap   total 389120K, used 9300K [0x0000000684800000, 0x0000000800000000)
  region size 4096K, 1 young (4096K), 1 survivors (4096K)
 Metaspace       used 7437K, committed 7744K, reserved 1114112K
  class space    used 879K, committed 1024K, reserved 1048576K
}
Event: 0.900 GC heap before
{Heap before GC invocations=2 (full 0):
 garbage-first heap   total 389120K, used 50260K [0x0000000684800000, 0x0000000800000000)
  region size 4096K, 11 young (45056K), 1 survivors (4096K)
 Metaspace       used 16909K, committed 17216K, reserved 1114112K
  class space    used 2025K, committed 2176K, reserved 1048576K
}
Event: 0.903 GC heap after
{Heap after GC invocations=3 (full 0):
 garbage-first heap   total 389120K, used 13301K [0x0000000684800000, 0x0000000800000000)
  region size 4096K, 2 young (8192K), 2 survivors (8192K)
 Metaspace       used 16909K, committed 17216K, reserved 1114112K
  class space    used 2025K, committed 2176K, reserved 1048576K
}
Event: 1.357 GC heap before
{Heap before GC invocations=3 (full 0):
 garbage-first heap   total 389120K, used 46069K [0x0000000684800000, 0x0000000800000000)
  region size 4096K, 11 young (45056K), 2 survivors (8192K)
 Metaspace       used 21197K, committed 21504K, reserved 1114112K
  class space    used 2483K, committed 2624K, reserved 1048576K
}
Event: 1.360 GC heap after
{Heap after GC invocations=4 (full 0):
 garbage-first heap   total 389120K, used 16123K [0x0000000684800000, 0x0000000800000000)
  region size 4096K, 2 young (8192K), 2 survivors (8192K)
 Metaspace       used 21197K, committed 21504K, reserved 1114112K
  class space    used 2483K, committed 2624K, reserved 1048576K
}
Event: 2.285 GC heap before
{Heap before GC invocations=5 (full 0):
 garbage-first heap   total 69632K, used 69371K [0x0000000684800000, 0x0000000800000000)
  region size 4096K, 15 young (61440K), 2 survivors (8192K)
 Metaspace       used 31744K, committed 32192K, reserved 1114112K
  class space    used 3909K, committed 4096K, reserved 1048576K
}
Event: 2.291 GC heap after
{Heap after GC invocations=6 (full 0):
 garbage-first heap   total 81920K, used 19760K [0x0000000684800000, 0x0000000800000000)
  region size 4096K, 3 young (12288K), 3 survivors (12288K)
 Metaspace       used 31744K, committed 32192K, reserved 1114112K
  class space    used 3909K, committed 4096K, reserved 1048576K
}
Event: 2.576 GC heap before
{Heap before GC invocations=6 (full 0):
 garbage-first heap   total 81920K, used 36144K [0x0000000684800000, 0x0000000800000000)
  region size 4096K, 8 young (32768K), 3 survivors (12288K)
 Metaspace       used 35517K, committed 35968K, reserved 1114112K
  class space    used 4380K, committed 4544K, reserved 1048576K
}
Event: 2.584 GC heap after
{Heap after GC invocations=7 (full 0):
 garbage-first heap   total 81920K, used 20611K [0x0000000684800000, 0x0000000800000000)
  region size 4096K, 2 young (8192K), 2 survivors (8192K)
 Metaspace       used 35517K, committed 35968K, reserved 1114112K
  class space    used 4380K, committed 4544K, reserved 1048576K
}
Event: 3.223 GC heap before
{Heap before GC invocations=8 (full 0):
 garbage-first heap   total 81920K, used 61571K [0x0000000684800000, 0x0000000800000000)
  region size 4096K, 12 young (49152K), 2 survivors (8192K)
 Metaspace       used 46905K, committed 47424K, reserved 1114112K
  class space    used 6135K, committed 6400K, reserved 1048576K
}
Event: 3.230 GC heap after
{Heap after GC invocations=9 (full 0):
 garbage-first heap   total 81920K, used 23258K [0x0000000684800000, 0x0000000800000000)
  region size 4096K, 1 young (4096K), 1 survivors (4096K)
 Metaspace       used 46905K, committed 47424K, reserved 1114112K
  class space    used 6135K, committed 6400K, reserved 1048576K
}
Event: 4.017 GC heap before
{Heap before GC invocations=9 (full 0):
 garbage-first heap   total 81920K, used 68314K [0x0000000684800000, 0x0000000800000000)
  region size 4096K, 12 young (49152K), 1 survivors (4096K)
 Metaspace       used 58313K, committed 58944K, reserved 1114112K
  class space    used 7608K, committed 7936K, reserved 1048576K
}
Event: 4.020 GC heap after
{Heap after GC invocations=10 (full 0):
 garbage-first heap   total 81920K, used 27199K [0x0000000684800000, 0x0000000800000000)
  region size 4096K, 2 young (8192K), 2 survivors (8192K)
 Metaspace       used 58313K, committed 58944K, reserved 1114112K
  class space    used 7608K, committed 7936K, reserved 1048576K
}
Event: 4.120 GC heap before
{Heap before GC invocations=10 (full 0):
 garbage-first heap   total 81920K, used 31295K [0x0000000684800000, 0x0000000800000000)
  region size 4096K, 4 young (16384K), 2 survivors (8192K)
 Metaspace       used 59548K, committed 60096K, reserved 1114112K
  class space    used 7789K, committed 8064K, reserved 1048576K
}
Event: 4.124 GC heap after
{Heap after GC invocations=11 (full 0):
 garbage-first heap   total 81920K, used 27832K [0x0000000684800000, 0x0000000800000000)
  region size 4096K, 2 young (8192K), 2 survivors (8192K)
 Metaspace       used 59548K, committed 60096K, reserved 1114112K
  class space    used 7789K, committed 8064K, reserved 1048576K
}
Event: 5.095 GC heap before
{Heap before GC invocations=12 (full 0):
 garbage-first heap   total 81920K, used 64696K [0x0000000684800000, 0x0000000800000000)
  region size 4096K, 11 young (45056K), 2 survivors (8192K)
 Metaspace       used 63907K, committed 64576K, reserved 1114112K
  class space    used 8403K, committed 8704K, reserved 1048576K
}
Event: 5.100 GC heap after
{Heap after GC invocations=13 (full 0):
 garbage-first heap   total 81920K, used 32377K [0x0000000684800000, 0x0000000800000000)
  region size 4096K, 2 young (8192K), 2 survivors (8192K)
 Metaspace       used 63907K, committed 64576K, reserved 1114112K
  class space    used 8403K, committed 8704K, reserved 1048576K
}

